<?xml version="1.0" encoding="UTF-8"?>
<!-- Generated by org.testng.reporters.JUnitReportReporter -->
<testsuite skipped="0" hostname="ATMECSINLT-002" name="com.tutoralninja.dynamicsuites.DynamicXML" tests="1" failures="0" timestamp="2019-11-05T19:09:46 IST" time="29.963" errors="0">
  <testcase name="runSuites" time="29.963" classname="com.tutoralninja.dynamicsuites.DynamicXML"/>
</testsuite> <!-- com.tutoralninja.dynamicsuites.DynamicXML -->
