<?xml version="1.0" encoding="UTF-8"?>
<!-- Generated by org.testng.reporters.JUnitReportReporter -->
<testsuite skipped="0" hostname="ATMECSINLT-002" name="com.tutoralninja.testscenario.TestScenaio" tests="2" failures="0" timestamp="2019-11-06T11:13:45 IST" time="7.162" errors="0">
  <testcase name="setURL" time="7.157" classname="com.tutoralninja.testscenario.TestScenaio"/>
  <testcase name="scenario" time="0.005" classname="com.tutoralninja.testscenario.TestScenaio"/>
</testsuite> <!-- com.tutoralninja.testscenario.TestScenaio -->
