<?xml version="1.0" encoding="UTF-8"?>
<!-- Generated by org.testng.reporters.JUnitReportReporter -->
<testsuite skipped="0" hostname="ATMECSINLT-002" name="com.tutoralninja.testscenario.HeatClinicWebsiteScenario" tests="2" failures="0" timestamp="2019-11-13T18:41:55 IST" time="13.505" errors="0">
  <testcase name="setURL" time="1.633" classname="com.tutoralninja.testscenario.HeatClinicWebsiteScenario"/>
  <testcase name="menuValidation" time="11.872" classname="com.tutoralninja.testscenario.HeatClinicWebsiteScenario"/>
</testsuite> <!-- com.tutoralninja.testscenario.HeatClinicWebsiteScenario -->
