<?xml version="1.0" encoding="UTF-8"?>
<!-- Generated by org.testng.reporters.JUnitReportReporter -->
<testsuite skipped="0" hostname="ATMECSINLT-002" name="com.tutoralninja.testscenario.HeatClinicWebsiteScenario" tests="2" failures="0" timestamp="2019-11-12T20:53:58 IST" time="22.817" errors="0">
  <testcase name="setURL" time="1.848" classname="com.tutoralninja.testscenario.HeatClinicWebsiteScenario"/>
  <testcase name="menuValidation" time="20.969" classname="com.tutoralninja.testscenario.HeatClinicWebsiteScenario"/>
</testsuite> <!-- com.tutoralninja.testscenario.HeatClinicWebsiteScenario -->
